2022-07-12 21:24:36,152 :INFO : test_loginpage :Entering the firstnamesoorya
2022-07-12 21:24:36,232 :INFO : test_loginpage :Entering the emailabc.com
2022-07-12 21:24:36,305 :INFO : test_loginpage :Entering the passwordtest
2022-07-12 21:24:36,365 :INFO : test_loginpage :Entering the GenderMale
2022-07-12 21:24:36,574 :INFO : test_loginpage :×
Success! The Form has been submitted successfully!.
2022-07-12 21:24:36,937 :INFO : test_loginpage :Entering the firstnameramesh
2022-07-12 21:24:36,937 :INFO : test_loginpage :Entering the firstnameramesh
2022-07-12 21:24:37,047 :INFO : test_loginpage :Entering the emailramesh.com
2022-07-12 21:24:37,047 :INFO : test_loginpage :Entering the emailramesh.com
2022-07-12 21:24:37,156 :INFO : test_loginpage :Entering the passwordtest
2022-07-12 21:24:37,156 :INFO : test_loginpage :Entering the passwordtest
2022-07-12 21:24:37,249 :INFO : test_loginpage :Entering the GenderFemale
2022-07-12 21:24:37,249 :INFO : test_loginpage :Entering the GenderFemale
2022-07-12 21:24:37,482 :INFO : test_loginpage :×
Success! The Form has been submitted successfully!.
2022-07-12 21:24:37,482 :INFO : test_loginpage :×
Success! The Form has been submitted successfully!.
2022-07-12 21:25:34,647 :INFO : test_loginpage :Entering the firstnamesoorya
2022-07-12 21:25:34,788 :INFO : test_loginpage :Entering the emailabc.com
2022-07-12 21:25:34,920 :INFO : test_loginpage :Entering the passwordtest
2022-07-12 21:25:35,013 :INFO : test_loginpage :Entering the GenderMale
2022-07-12 21:25:35,302 :INFO : test_loginpage :×
Success! The Form has been submitted successfully!.
2022-07-12 21:25:35,698 :INFO : test_loginpage :Entering the firstnameramesh
2022-07-12 21:25:35,698 :INFO : test_loginpage :Entering the firstnameramesh
2022-07-12 21:25:35,879 :INFO : test_loginpage :Entering the emailramesh.com
2022-07-12 21:25:35,879 :INFO : test_loginpage :Entering the emailramesh.com
2022-07-12 21:25:35,981 :INFO : test_loginpage :Entering the passwordtest
2022-07-12 21:25:35,981 :INFO : test_loginpage :Entering the passwordtest
2022-07-12 21:25:36,073 :INFO : test_loginpage :Entering the GenderFemale
2022-07-12 21:25:36,073 :INFO : test_loginpage :Entering the GenderFemale
2022-07-12 21:25:36,404 :INFO : test_loginpage :×
Success! The Form has been submitted successfully!.
2022-07-12 21:25:36,404 :INFO : test_loginpage :×
Success! The Form has been submitted successfully!.
2022-07-12 21:26:12,091 :INFO : test_loginpage :Entering the firstnamesoorya
2022-07-12 21:26:12,236 :INFO : test_loginpage :Entering the emailabc.com
2022-07-12 21:26:12,337 :INFO : test_loginpage :Entering the passwordtest
2022-07-12 21:26:12,394 :INFO : test_loginpage :Entering the GenderMale
2022-07-12 21:26:12,583 :INFO : test_loginpage :×
Success! The Form has been submitted successfully!.
2022-07-12 21:26:13,014 :INFO : test_loginpage :Entering the firstnameramesh
2022-07-12 21:26:13,014 :INFO : test_loginpage :Entering the firstnameramesh
2022-07-12 21:26:13,116 :INFO : test_loginpage :Entering the emailramesh.com
2022-07-12 21:26:13,116 :INFO : test_loginpage :Entering the emailramesh.com
2022-07-12 21:26:13,214 :INFO : test_loginpage :Entering the passwordtest
2022-07-12 21:26:13,214 :INFO : test_loginpage :Entering the passwordtest
2022-07-12 21:26:13,333 :INFO : test_loginpage :Entering the GenderFemale
2022-07-12 21:26:13,333 :INFO : test_loginpage :Entering the GenderFemale
2022-07-12 21:26:13,522 :INFO : test_loginpage :×
Success! The Form has been submitted successfully!.
2022-07-12 21:26:13,522 :INFO : test_loginpage :×
Success! The Form has been submitted successfully!.
2022-07-12 21:29:56,111 :INFO : test_loginpage :Entering the firstnamesoorya
2022-07-12 21:29:56,271 :INFO : test_loginpage :Entering the emailabc.com
2022-07-12 21:29:56,380 :INFO : test_loginpage :Entering the passwordtest
2022-07-12 21:29:56,435 :INFO : test_loginpage :Entering the GenderMale
2022-07-12 21:29:56,633 :INFO : test_loginpage :×
Success! The Form has been submitted successfully!.
2022-07-12 21:29:57,138 :INFO : test_loginpage :Entering the firstnameramesh
2022-07-12 21:29:57,138 :INFO : test_loginpage :Entering the firstnameramesh
2022-07-12 21:29:57,256 :INFO : test_loginpage :Entering the emailramesh.com
2022-07-12 21:29:57,256 :INFO : test_loginpage :Entering the emailramesh.com
2022-07-12 21:29:57,327 :INFO : test_loginpage :Entering the passwordtest
2022-07-12 21:29:57,327 :INFO : test_loginpage :Entering the passwordtest
2022-07-12 21:29:57,420 :INFO : test_loginpage :Entering the GenderFemale
2022-07-12 21:29:57,420 :INFO : test_loginpage :Entering the GenderFemale
2022-07-12 21:29:57,572 :INFO : test_loginpage :×
Success! The Form has been submitted successfully!.
2022-07-12 21:29:57,572 :INFO : test_loginpage :×
Success! The Form has been submitted successfully!.
2022-07-13 10:53:56,145 :INFO : test_loginpage :Entering the firstnamesoorya
2022-07-13 10:53:56,217 :INFO : test_loginpage :Entering the emailabc.com
2022-07-13 10:53:56,279 :INFO : test_loginpage :Entering the passwordtest
2022-07-13 10:53:56,321 :INFO : test_loginpage :Entering the GenderMale
2022-07-13 10:53:56,464 :INFO : test_loginpage :×
Success! The Form has been submitted successfully!.
2022-07-13 10:53:56,812 :INFO : test_loginpage :Entering the firstnameramesh
2022-07-13 10:53:56,812 :INFO : test_loginpage :Entering the firstnameramesh
2022-07-13 10:53:56,875 :INFO : test_loginpage :Entering the emailramesh.com
2022-07-13 10:53:56,875 :INFO : test_loginpage :Entering the emailramesh.com
2022-07-13 10:53:56,925 :INFO : test_loginpage :Entering the passwordtest
2022-07-13 10:53:56,925 :INFO : test_loginpage :Entering the passwordtest
2022-07-13 10:53:56,989 :INFO : test_loginpage :Entering the GenderFemale
2022-07-13 10:53:56,989 :INFO : test_loginpage :Entering the GenderFemale
2022-07-13 10:53:57,095 :INFO : test_loginpage :×
Success! The Form has been submitted successfully!.
2022-07-13 10:53:57,095 :INFO : test_loginpage :×
Success! The Form has been submitted successfully!.
2022-07-13 13:56:19,643 :INFO : test_login :This is sample log
2022-07-13 14:25:47,987 :INFO : test_login :This is sample log
2022-07-14 12:36:03,130 :INFO : test_loginpage :Entering the firstnamesooray
2022-07-14 12:36:03,239 :INFO : test_loginpage :Entering the emailsarvan135@yahoo.com
2022-07-14 12:41:36,224 :INFO : test_loginpage :Entering the firstnamesooray
2022-07-14 12:41:36,319 :INFO : test_loginpage :Entering the emailsarvan135@yahoo.com
2022-07-14 12:42:07,869 :INFO : test_loginpage :Entering the firstnamesooray
2022-07-14 12:42:07,971 :INFO : test_loginpage :Entering the emailsarvan135@yahoo.com
2022-07-14 12:42:08,034 :INFO : test_loginpage :Entering the passwordsarvan
2022-07-14 12:42:42,787 :INFO : test_loginpage :Entering the firstnamesooray
2022-07-14 12:42:42,882 :INFO : test_loginpage :Entering the emailsarvan135@yahoo.com
2022-07-14 12:42:42,952 :INFO : test_loginpage :Entering the passwordsarvan
2022-07-14 12:42:43,138 :INFO : test_loginpage :×
Success! The Form has been submitted successfully!.
